<?xml version="1.0" encoding="UTF-8" ?>
<testsuite tests="69" failures="0" name="org.testifj.util.LinkedSequenceTest" time="0.018" errors="0" skipped="0">
  <properties>
    <property name="java.runtime.name" value="Java(TM) SE Runtime Environment"/>
    <property name="sun.boot.library.path" value="/Library/Java/JavaVirtualMachines/jdk1.8.0_60.jdk/Contents/Home/jre/lib"/>
    <property name="java.vm.version" value="25.60-b23"/>
    <property name="user.country.format" value="SE"/>
    <property name="gopherProxySet" value="false"/>
    <property name="java.vm.vendor" value="Oracle Corporation"/>
    <property name="maven.multiModuleProjectDirectory" value="/Developer/Projects/testifj-origin"/>
    <property name="java.vendor.url" value="http://java.oracle.com/"/>
    <property name="path.separator" value=":"/>
    <property name="guice.disable.misplaced.annotation.check" value="true"/>
    <property name="java.vm.name" value="Java HotSpot(TM) 64-Bit Server VM"/>
    <property name="file.encoding.pkg" value="sun.io"/>
    <property name="user.country" value="US"/>
    <property name="sun.java.launcher" value="SUN_STANDARD"/>
    <property name="sun.os.patch.level" value="unknown"/>
    <property name="java.vm.specification.name" value="Java Virtual Machine Specification"/>
    <property name="user.dir" value="/Developer/Projects/testifj-origin"/>
    <property name="java.runtime.version" value="1.8.0_60-b27"/>
    <property name="java.awt.graphicsenv" value="sun.awt.CGraphicsEnvironment"/>
    <property name="java.endorsed.dirs" value="/Library/Java/JavaVirtualMachines/jdk1.8.0_60.jdk/Contents/Home/jre/lib/endorsed"/>
    <property name="os.arch" value="x86_64"/>
    <property name="java.io.tmpdir" value="/var/folders/c3/0975dwws4jjgb4t01pvbc__80000gn/T/"/>
    <property name="line.separator" value="
"/>
    <property name="java.vm.specification.vendor" value="Oracle Corporation"/>
    <property name="os.name" value="Mac OS X"/>
    <property name="classworlds.conf" value="/usr/local/Cellar/maven/3.3.3/libexec/bin/m2.conf"/>
    <property name="sun.jnu.encoding" value="UTF-8"/>
    <property name="java.library.path" value="/Users/nille/Library/Java/Extensions:/Library/Java/Extensions:/Network/Library/Java/Extensions:/System/Library/Java/Extensions:/usr/lib/java:."/>
    <property name="java.specification.name" value="Java Platform API Specification"/>
    <property name="java.class.version" value="52.0"/>
    <property name="sun.management.compiler" value="HotSpot 64-Bit Tiered Compilers"/>
    <property name="os.version" value="10.11.3"/>
    <property name="http.nonProxyHosts" value="local|*.local|169.254/16|*.169.254/16"/>
    <property name="user.home" value="/Users/nille"/>
    <property name="user.timezone" value="Europe/Stockholm"/>
    <property name="java.awt.printerjob" value="sun.lwawt.macosx.CPrinterJob"/>
    <property name="java.specification.version" value="1.8"/>
    <property name="file.encoding" value="UTF-8"/>
    <property name="user.name" value="nille"/>
    <property name="java.class.path" value="/usr/local/Cellar/maven/3.3.3/libexec/boot/plexus-classworlds-2.5.2.jar"/>
    <property name="java.vm.specification.version" value="1.8"/>
    <property name="sun.arch.data.model" value="64"/>
    <property name="java.home" value="/Library/Java/JavaVirtualMachines/jdk1.8.0_60.jdk/Contents/Home/jre"/>
    <property name="sun.java.command" value="org.codehaus.plexus.classworlds.launcher.Launcher clean install"/>
    <property name="java.specification.vendor" value="Oracle Corporation"/>
    <property name="user.language" value="en"/>
    <property name="awt.toolkit" value="sun.lwawt.macosx.LWCToolkit"/>
    <property name="java.vm.info" value="mixed mode"/>
    <property name="java.version" value="1.8.0_60"/>
    <property name="java.ext.dirs" value="/Users/nille/Library/Java/Extensions:/Library/Java/JavaVirtualMachines/jdk1.8.0_60.jdk/Contents/Home/jre/lib/ext:/Library/Java/Extensions:/Network/Library/Java/Extensions:/System/Library/Java/Extensions:/usr/lib/java"/>
    <property name="sun.boot.class.path" value="/Library/Java/JavaVirtualMachines/jdk1.8.0_60.jdk/Contents/Home/jre/lib/resources.jar:/Library/Java/JavaVirtualMachines/jdk1.8.0_60.jdk/Contents/Home/jre/lib/rt.jar:/Library/Java/JavaVirtualMachines/jdk1.8.0_60.jdk/Contents/Home/jre/lib/sunrsasign.jar:/Library/Java/JavaVirtualMachines/jdk1.8.0_60.jdk/Contents/Home/jre/lib/jsse.jar:/Library/Java/JavaVirtualMachines/jdk1.8.0_60.jdk/Contents/Home/jre/lib/jce.jar:/Library/Java/JavaVirtualMachines/jdk1.8.0_60.jdk/Contents/Home/jre/lib/charsets.jar:/Library/Java/JavaVirtualMachines/jdk1.8.0_60.jdk/Contents/Home/jre/lib/jfr.jar:/Library/Java/JavaVirtualMachines/jdk1.8.0_60.jdk/Contents/Home/jre/classes"/>
    <property name="java.vendor" value="Oracle Corporation"/>
    <property name="maven.home" value="/usr/local/Cellar/maven/3.3.3/libexec"/>
    <property name="file.separator" value="/"/>
    <property name="java.vendor.url.bug" value="http://bugreport.sun.com/bugreport/"/>
    <property name="sun.cpu.endian" value="little"/>
    <property name="sun.io.unicode.encoding" value="UnicodeBig"/>
    <property name="socksNonProxyHosts" value="local|*.local|169.254/16|*.169.254/16"/>
    <property name="ftp.nonProxyHosts" value="local|*.local|169.254/16|*.169.254/16"/>
    <property name="sun.cpu.isalist" value=""/>
  </properties>
  <testcase classname="org.testifj.util.LinkedSequenceTest" name="lastByPredicateShouldReturnNonExistingSelectorIfNoElementMatches" time="0.001"/>
  <testcase classname="org.testifj.util.LinkedSequenceTest" name="getLastElementShouldFailOnEmptyStatements" time="0"/>
  <testcase classname="org.testifj.util.LinkedSequenceTest" name="tailShouldReturnNonExistingSelectorForInvalidIndex" time="0"/>
  <testcase classname="org.testifj.util.LinkedSequenceTest" name="insertBeforeFirstByPredicateShouldNotAcceptNullElement" time="0.001"/>
  <testcase classname="org.testifj.util.LinkedSequenceTest" name="insertBeforeLastShouldFailForEmptySequence" time="0"/>
  <testcase classname="org.testifj.util.LinkedSequenceTest" name="lastByPredicateShouldReturnSelectorForLastMatchingElement" time="0.001"/>
  <testcase classname="org.testifj.util.LinkedSequenceTest" name="insertBeforeSpecifiedIndexShouldNotAcceptNullElement" time="0.001"/>
  <testcase classname="org.testifj.util.LinkedSequenceTest" name="firstWithPredicateShouldSwapFirstMatchingElement" time="0.001"/>
  <testcase classname="org.testifj.util.LinkedSequenceTest" name="previousOnSelectorShouldReturnNonExistingSelectorIfPreviousElementDoesNotExist" time="0"/>
  <testcase classname="org.testifj.util.LinkedSequenceTest" name="lastShouldExistForNonEmptyStatements" time="0"/>
  <testcase classname="org.testifj.util.LinkedSequenceTest" name="swapLastShouldSwapLastElement" time="0"/>
  <testcase classname="org.testifj.util.LinkedSequenceTest" name="insertAtLastByPredicateShouldNotAcceptNullElement" time="0.001"/>
  <testcase classname="org.testifj.util.LinkedSequenceTest" name="allShouldReturnAllEnlistedStatements" time="0"/>
  <testcase classname="org.testifj.util.LinkedSequenceTest" name="getByIndexShouldExistIfElementExistsAtIndex" time="0"/>
  <testcase classname="org.testifj.util.LinkedSequenceTest" name="lastByPredicateShouldNotAcceptNullPredicate" time="0.001"/>
  <testcase classname="org.testifj.util.LinkedSequenceTest" name="firstElementCanBeSwapped" time="0"/>
  <testcase classname="org.testifj.util.LinkedSequenceTest" name="selectedElementCanBeNavigatedToPreviousElement" time="0"/>
  <testcase classname="org.testifj.util.LinkedSequenceTest" name="getAtIndexShouldFailIfElementDoesNotExist" time="0.001"/>
  <testcase classname="org.testifj.util.LinkedSequenceTest" name="removeForFirstWithPredicateShouldFailIfNoElementExists" time="0"/>
  <testcase classname="org.testifj.util.LinkedSequenceTest" name="insertBeforeLastShouldInsertElementBeforeLastElement" time="0"/>
  <testcase classname="org.testifj.util.LinkedSequenceTest" name="getAtIndexShouldReturnElementAtIndex" time="0"/>
  <testcase classname="org.testifj.util.LinkedSequenceTest" name="lastElementCanBeSwappedThroughIndex" time="0.001"/>
  <testcase classname="org.testifj.util.LinkedSequenceTest" name="statementAtIndexShouldFailImmediatelyForNegativeIndex" time="0"/>
  <testcase classname="org.testifj.util.LinkedSequenceTest" name="insertBeforeFirstShouldNotAcceptNullElement" time="0"/>
  <testcase classname="org.testifj.util.LinkedSequenceTest" name="statementsCanBeIterated" time="0"/>
  <testcase classname="org.testifj.util.LinkedSequenceTest" name="clearShouldRemoveElementsAndResetSize" time="0.001"/>
  <testcase classname="org.testifj.util.LinkedSequenceTest" name="insertBeforeFirstByPredicateShouldFailForEmptySequence" time="0.001"/>
  <testcase classname="org.testifj.util.LinkedSequenceTest" name="firstShouldNotAcceptNullPredicate" time="0"/>
  <testcase classname="org.testifj.util.LinkedSequenceTest" name="firstWithPredicateShouldFailIfListIsConcurrentlyModified" time="0.001"/>
  <testcase classname="org.testifj.util.LinkedSequenceTest" name="isEmptyShouldBeTrueIfNoElementsExists" time="0"/>
  <testcase classname="org.testifj.util.LinkedSequenceTest" name="delistLastShouldRemoveLastElement" time="0"/>
  <testcase classname="org.testifj.util.LinkedSequenceTest" name="insertBeforeShouldInsertElementAtIndex" time="0"/>
  <testcase classname="org.testifj.util.LinkedSequenceTest" name="firstShouldExistForNonEmptyStatements" time="0"/>
  <testcase classname="org.testifj.util.LinkedSequenceTest" name="firstElementCanBeSwappedThroughIndex" time="0"/>
  <testcase classname="org.testifj.util.LinkedSequenceTest" name="swapLastShouldFailIfStatementsAreEmpty" time="0"/>
  <testcase classname="org.testifj.util.LinkedSequenceTest" name="delistFirstShouldFailIfStatementsAreEmpty" time="0"/>
  <testcase classname="org.testifj.util.LinkedSequenceTest" name="swapForFirstWithPredicateShouldNotAcceptNullElement" time="0"/>
  <testcase classname="org.testifj.util.LinkedSequenceTest" name="lastShouldNotExistForEmptyStatements" time="0"/>
  <testcase classname="org.testifj.util.LinkedSequenceTest" name="getByIndexShouldNotExistsIfNoElementExistsForIndex" time="0"/>
  <testcase classname="org.testifj.util.LinkedSequenceTest" name="isEmptyShouldBeFalseIfAtLeastOneElementExists" time="0"/>
  <testcase classname="org.testifj.util.LinkedSequenceTest" name="insertBeforeFirstByPredicateShouldElementBeforeFirstMatchingElement" time="0"/>
  <testcase classname="org.testifj.util.LinkedSequenceTest" name="firstWithPredicateCannotBeSwappedIfNoElementMatches" time="0"/>
  <testcase classname="org.testifj.util.LinkedSequenceTest" name="previousOnSelectorShouldFailIfElementDoesNotExists" time="0.001"/>
  <testcase classname="org.testifj.util.LinkedSequenceTest" name="firstShouldNotExistIfNoMatchingElementsExists" time="0"/>
  <testcase classname="org.testifj.util.LinkedSequenceTest" name="insertBeforeFirstShouldFailForEmptySequence" time="0.001"/>
  <testcase classname="org.testifj.util.LinkedSequenceTest" name="iteratorShouldFailIfListIsModified" time="0"/>
  <testcase classname="org.testifj.util.LinkedSequenceTest" name="intermediateCanBeReplacedThroughIndex" time="0.001"/>
  <testcase classname="org.testifj.util.LinkedSequenceTest" name="firstCanBeDelistedThroughIndex" time="0"/>
  <testcase classname="org.testifj.util.LinkedSequenceTest" name="removeForFirstWithPredicateShouldRemoveFirstMatchingElement" time="0"/>
  <testcase classname="org.testifj.util.LinkedSequenceTest" name="swapOnFirstElementShouldFailIfStatementsAreEmpty" time="0.001"/>
  <testcase classname="org.testifj.util.LinkedSequenceTest" name="firstElementCanBeDelisted" time="0"/>
  <testcase classname="org.testifj.util.LinkedSequenceTest" name="insertBeforeLastShouldNotAcceptNullElement" time="0"/>
  <testcase classname="org.testifj.util.LinkedSequenceTest" name="firstShouldReturnFirstMatchingElement" time="0.001"/>
  <testcase classname="org.testifj.util.LinkedSequenceTest" name="getLastShouldReturnLastElement" time="0"/>
  <testcase classname="org.testifj.util.LinkedSequenceTest" name="lastCanBeReplacedThroughIndex" time="0"/>
  <testcase classname="org.testifj.util.LinkedSequenceTest" name="firstShouldNotExistForEmptyStatements" time="0"/>
  <testcase classname="org.testifj.util.LinkedSequenceTest" name="insertBeforeSpecifiedIndexShouldFailForInvalidIndex" time="0"/>
  <testcase classname="org.testifj.util.LinkedSequenceTest" name="tailShouldReturnRemainingElementsForPositiveIndex" time="0"/>
  <testcase classname="org.testifj.util.LinkedSequenceTest" name="insertAtLastByPredicateShouldFailIfNoElementMatches" time="0"/>
  <testcase classname="org.testifj.util.LinkedSequenceTest" name="tailWithRelativeOffsetFromStartCanBeRemoved" time="0"/>
  <testcase classname="org.testifj.util.LinkedSequenceTest" name="allCanClearEntireContents" time="0"/>
  <testcase classname="org.testifj.util.LinkedSequenceTest" name="delistLastShouldFailIfStatementsAreEmpty" time="0"/>
  <testcase classname="org.testifj.util.LinkedSequenceTest" name="insertAtLastByPredicateShouldInsertElementBeforeFirstMatchingElementFromEnd" time="0"/>
  <testcase classname="org.testifj.util.LinkedSequenceTest" name="removeAtLastIndexShouldReduceSizeForMultipleElements" time="0"/>
  <testcase classname="org.testifj.util.LinkedSequenceTest" name="removeAtIndexShouldReduceSizeForOneElement" time="0"/>
  <testcase classname="org.testifj.util.LinkedSequenceTest" name="enlistShouldNotAcceptNullArgument" time="0"/>
  <testcase classname="org.testifj.util.LinkedSequenceTest" name="tailShouldReturnTailFromEndForNegativeIndex" time="0"/>
  <testcase classname="org.testifj.util.LinkedSequenceTest" name="swapByIndexShouldNotAcceptNullNewStatement" time="0.001"/>
  <testcase classname="org.testifj.util.LinkedSequenceTest" name="insertBeforeFirstShouldInsertElementAtFirstIndex" time="0"/>
</testsuite>