<?xml version="1.0" encoding="UTF-8" ?>
<testsuite tests="36" failures="0" name="org.testifj.lang.codegeneration.impl.JavaSyntaxCodeGenerationTest" time="0.039" errors="0" skipped="0">
  <properties>
    <property name="java.runtime.name" value="Java(TM) SE Runtime Environment"/>
    <property name="sun.boot.library.path" value="/Library/Java/JavaVirtualMachines/jdk1.8.0_60.jdk/Contents/Home/jre/lib"/>
    <property name="java.vm.version" value="25.60-b23"/>
    <property name="user.country.format" value="SE"/>
    <property name="gopherProxySet" value="false"/>
    <property name="java.vm.vendor" value="Oracle Corporation"/>
    <property name="maven.multiModuleProjectDirectory" value="/Developer/Projects/testifj-origin"/>
    <property name="java.vendor.url" value="http://java.oracle.com/"/>
    <property name="path.separator" value=":"/>
    <property name="guice.disable.misplaced.annotation.check" value="true"/>
    <property name="java.vm.name" value="Java HotSpot(TM) 64-Bit Server VM"/>
    <property name="file.encoding.pkg" value="sun.io"/>
    <property name="user.country" value="US"/>
    <property name="sun.java.launcher" value="SUN_STANDARD"/>
    <property name="sun.os.patch.level" value="unknown"/>
    <property name="java.vm.specification.name" value="Java Virtual Machine Specification"/>
    <property name="user.dir" value="/Developer/Projects/testifj-origin"/>
    <property name="java.runtime.version" value="1.8.0_60-b27"/>
    <property name="java.awt.graphicsenv" value="sun.awt.CGraphicsEnvironment"/>
    <property name="java.endorsed.dirs" value="/Library/Java/JavaVirtualMachines/jdk1.8.0_60.jdk/Contents/Home/jre/lib/endorsed"/>
    <property name="os.arch" value="x86_64"/>
    <property name="java.io.tmpdir" value="/var/folders/c3/0975dwws4jjgb4t01pvbc__80000gn/T/"/>
    <property name="line.separator" value="
"/>
    <property name="java.vm.specification.vendor" value="Oracle Corporation"/>
    <property name="os.name" value="Mac OS X"/>
    <property name="classworlds.conf" value="/usr/local/Cellar/maven/3.3.3/libexec/bin/m2.conf"/>
    <property name="sun.jnu.encoding" value="UTF-8"/>
    <property name="java.library.path" value="/Users/nille/Library/Java/Extensions:/Library/Java/Extensions:/Network/Library/Java/Extensions:/System/Library/Java/Extensions:/usr/lib/java:."/>
    <property name="java.specification.name" value="Java Platform API Specification"/>
    <property name="java.class.version" value="52.0"/>
    <property name="sun.management.compiler" value="HotSpot 64-Bit Tiered Compilers"/>
    <property name="os.version" value="10.11.3"/>
    <property name="http.nonProxyHosts" value="local|*.local|169.254/16|*.169.254/16"/>
    <property name="user.home" value="/Users/nille"/>
    <property name="user.timezone" value="Europe/Stockholm"/>
    <property name="java.awt.printerjob" value="sun.lwawt.macosx.CPrinterJob"/>
    <property name="java.specification.version" value="1.8"/>
    <property name="file.encoding" value="UTF-8"/>
    <property name="user.name" value="nille"/>
    <property name="java.class.path" value="/usr/local/Cellar/maven/3.3.3/libexec/boot/plexus-classworlds-2.5.2.jar"/>
    <property name="java.vm.specification.version" value="1.8"/>
    <property name="sun.arch.data.model" value="64"/>
    <property name="java.home" value="/Library/Java/JavaVirtualMachines/jdk1.8.0_60.jdk/Contents/Home/jre"/>
    <property name="sun.java.command" value="org.codehaus.plexus.classworlds.launcher.Launcher clean install"/>
    <property name="java.specification.vendor" value="Oracle Corporation"/>
    <property name="user.language" value="en"/>
    <property name="awt.toolkit" value="sun.lwawt.macosx.LWCToolkit"/>
    <property name="java.vm.info" value="mixed mode"/>
    <property name="java.version" value="1.8.0_60"/>
    <property name="java.ext.dirs" value="/Users/nille/Library/Java/Extensions:/Library/Java/JavaVirtualMachines/jdk1.8.0_60.jdk/Contents/Home/jre/lib/ext:/Library/Java/Extensions:/Network/Library/Java/Extensions:/System/Library/Java/Extensions:/usr/lib/java"/>
    <property name="sun.boot.class.path" value="/Library/Java/JavaVirtualMachines/jdk1.8.0_60.jdk/Contents/Home/jre/lib/resources.jar:/Library/Java/JavaVirtualMachines/jdk1.8.0_60.jdk/Contents/Home/jre/lib/rt.jar:/Library/Java/JavaVirtualMachines/jdk1.8.0_60.jdk/Contents/Home/jre/lib/sunrsasign.jar:/Library/Java/JavaVirtualMachines/jdk1.8.0_60.jdk/Contents/Home/jre/lib/jsse.jar:/Library/Java/JavaVirtualMachines/jdk1.8.0_60.jdk/Contents/Home/jre/lib/jce.jar:/Library/Java/JavaVirtualMachines/jdk1.8.0_60.jdk/Contents/Home/jre/lib/charsets.jar:/Library/Java/JavaVirtualMachines/jdk1.8.0_60.jdk/Contents/Home/jre/lib/jfr.jar:/Library/Java/JavaVirtualMachines/jdk1.8.0_60.jdk/Contents/Home/jre/classes"/>
    <property name="java.vendor" value="Oracle Corporation"/>
    <property name="maven.home" value="/usr/local/Cellar/maven/3.3.3/libexec"/>
    <property name="file.separator" value="/"/>
    <property name="java.vendor.url.bug" value="http://bugreport.sun.com/bugreport/"/>
    <property name="sun.cpu.endian" value="little"/>
    <property name="sun.io.unicode.encoding" value="UnicodeBig"/>
    <property name="socksNonProxyHosts" value="local|*.local|169.254/16|*.169.254/16"/>
    <property name="ftp.nonProxyHosts" value="local|*.local|169.254/16|*.169.254/16"/>
    <property name="sun.cpu.isalist" value=""/>
  </properties>
  <testcase classname="org.testifj.lang.codegeneration.impl.JavaSyntaxCodeGenerationTest" name="arrayLoadShouldOutputArrayElementAccess" time="0.002"/>
  <testcase classname="org.testifj.lang.codegeneration.impl.JavaSyntaxCodeGenerationTest" name="selectBooleanBoxCallShouldSelectBooleanValueOfMethod" time="0"/>
  <testcase classname="org.testifj.lang.codegeneration.impl.JavaSyntaxCodeGenerationTest" name="selectInitializedNewArrayShouldSelectNewArrayWithInitializers" time="0.005"/>
  <testcase classname="org.testifj.lang.codegeneration.impl.JavaSyntaxCodeGenerationTest" name="allocateInstanceShouldBeSupported" time="0.001"/>
  <testcase classname="org.testifj.lang.codegeneration.impl.JavaSyntaxCodeGenerationTest" name="binaryOperatorsShouldBeSupported" time="0.002"/>
  <testcase classname="org.testifj.lang.codegeneration.impl.JavaSyntaxCodeGenerationTest" name="booleanBoxCallShouldBeSupported" time="0"/>
  <testcase classname="org.testifj.lang.codegeneration.impl.JavaSyntaxCodeGenerationTest" name="isPrimitiveBoxCallShouldReturnFalseForNonMatchingStaticMethod" time="0"/>
  <testcase classname="org.testifj.lang.codegeneration.impl.JavaSyntaxCodeGenerationTest" name="selectInnerClassFieldAccessShouldNotSelectNonStaticMethodCall" time="0.001"/>
  <testcase classname="org.testifj.lang.codegeneration.impl.JavaSyntaxCodeGenerationTest" name="selectInitializedNewArrayShouldNotSelectNewArrayWithoutInitializers" time="0.004"/>
  <testcase classname="org.testifj.lang.codegeneration.impl.JavaSyntaxCodeGenerationTest" name="coreConfigurationShouldSupportGenerationOfReturnValue" time="0"/>
  <testcase classname="org.testifj.lang.codegeneration.impl.JavaSyntaxCodeGenerationTest" name="innerClassFieldSelectorShouldNotSelectStaticMethodWithInvalidArguments" time="0.001"/>
  <testcase classname="org.testifj.lang.codegeneration.impl.JavaSyntaxCodeGenerationTest" name="innerClassFieldSelectorShouldSelectInnerClassFieldReference" time="0.001"/>
  <testcase classname="org.testifj.lang.codegeneration.impl.JavaSyntaxCodeGenerationTest" name="castExtensionShouldBeSupported" time="0"/>
  <testcase classname="org.testifj.lang.codegeneration.impl.JavaSyntaxCodeGenerationTest" name="selectInnerClassFieldAccessShouldNotSelectNonMethodCall" time="0"/>
  <testcase classname="org.testifj.lang.codegeneration.impl.JavaSyntaxCodeGenerationTest" name="innerClassFieldAssignmentShouldGeneratePlainFieldAssignment" time="0.001"/>
  <testcase classname="org.testifj.lang.codegeneration.impl.JavaSyntaxCodeGenerationTest" name="isPrimitiveBoxCallShouldReturnTrueForBoxMethods" time="0.002"/>
  <testcase classname="org.testifj.lang.codegeneration.impl.JavaSyntaxCodeGenerationTest" name="coreConfigurationShouldSupportGenerationForConstantElements" time="0.001"/>
  <testcase classname="org.testifj.lang.codegeneration.impl.JavaSyntaxCodeGenerationTest" name="selectUninitializedNewArrayShouldSelectNewArrayWithoutInitializers" time="0.004"/>
  <testcase classname="org.testifj.lang.codegeneration.impl.JavaSyntaxCodeGenerationTest" name="coreConfigurationShouldSupportInstanceMethodCall" time="0.001"/>
  <testcase classname="org.testifj.lang.codegeneration.impl.JavaSyntaxCodeGenerationTest" name="isDSLMethodCallShouldReturnTrueIfTargetTypeHasDSLAnnotation" time="0.001"/>
  <testcase classname="org.testifj.lang.codegeneration.impl.JavaSyntaxCodeGenerationTest" name="coreConfigurationShouldSupportGenerationOfVariableReference" time="0"/>
  <testcase classname="org.testifj.lang.codegeneration.impl.JavaSyntaxCodeGenerationTest" name="thisReferenceCanBeIncludedOnInstanceMethodCall" time="0"/>
  <testcase classname="org.testifj.lang.codegeneration.impl.JavaSyntaxCodeGenerationTest" name="coreConfigurationShouldSupportGenerationForReturnElement" time="0.001"/>
  <testcase classname="org.testifj.lang.codegeneration.impl.JavaSyntaxCodeGenerationTest" name="codeConfigurationShouldSupportStaticMethodCall" time="0.001"/>
  <testcase classname="org.testifj.lang.codegeneration.impl.JavaSyntaxCodeGenerationTest" name="innerClassFieldAccessShouldGeneratePlainFieldReference" time="0.001"/>
  <testcase classname="org.testifj.lang.codegeneration.impl.JavaSyntaxCodeGenerationTest" name="isPrimitiveBoxCallShouldReturnFalseForInstanceMethod" time="0"/>
  <testcase classname="org.testifj.lang.codegeneration.impl.JavaSyntaxCodeGenerationTest" name="thisReferenceCanBeOmittedOnInstanceMethodCall" time="0"/>
  <testcase classname="org.testifj.lang.codegeneration.impl.JavaSyntaxCodeGenerationTest" name="innerClassFieldSelectorShouldNotSelectNonInnerClassMethodCall" time="0"/>
  <testcase classname="org.testifj.lang.codegeneration.impl.JavaSyntaxCodeGenerationTest" name="primitiveBoxCallsShouldBeHandledAndGeneratedAsImplicit" time="0.001"/>
  <testcase classname="org.testifj.lang.codegeneration.impl.JavaSyntaxCodeGenerationTest" name="classConstantShouldOutputClass" time="0"/>
  <testcase classname="org.testifj.lang.codegeneration.impl.JavaSyntaxCodeGenerationTest" name="dslMethodCallsShouldGenerateCallsWithoutTargetTypeSpecified" time="0"/>
  <testcase classname="org.testifj.lang.codegeneration.impl.JavaSyntaxCodeGenerationTest" name="selectUninitializedNewArrayShouldNotSElectNewArrayWithInitializers" time="0.004"/>
  <testcase classname="org.testifj.lang.codegeneration.impl.JavaSyntaxCodeGenerationTest" name="configureShouldNotAcceptNullConfigurationBuilder" time="0.001"/>
  <testcase classname="org.testifj.lang.codegeneration.impl.JavaSyntaxCodeGenerationTest" name="selectDSLCallShouldSelectMethodCallWhereTypeHasDSLAnnotation" time="0.001"/>
  <testcase classname="org.testifj.lang.codegeneration.impl.JavaSyntaxCodeGenerationTest" name="isDSLMethodCallShouldReturnFalseIfTargetTypeIsNotAClass" time="0.001"/>
  <testcase classname="org.testifj.lang.codegeneration.impl.JavaSyntaxCodeGenerationTest" name="isDSLMethodCallShouldReturnFalseIfTargetTypeDoesNotHaveDSLAnnotation" time="0.001"/>
</testsuite>